{
  "RSpec": {
    "coverage": {
      "/Users/tasha/big_hippo/project2/ghostbusters/app/models/user.rb": [
        null,
        null,
        null,
        null,
        null,
        null,
        null,
        null,
        null,
        null,
        null,
        null,
        1,
        1,
        1,
        1,
        1,
        null
      ],
      "/Users/tasha/big_hippo/project2/ghostbusters/app/helpers/application_helper.rb": [
        1,
        null
      ],
      "/Users/tasha/big_hippo/project2/ghostbusters/app/helpers/ghosts_helper.rb": [
        1,
        1,
        0,
        0,
        0,
        null,
        0,
        null,
        null
      ],
      "/Users/tasha/big_hippo/project2/ghostbusters/app/helpers/guest_pages_helper.rb": [
        1,
        null
      ],
      "/Users/tasha/big_hippo/project2/ghostbusters/app/helpers/sessions_helper.rb": [
        null,
        null,
        null,
        1,
        1,
        0,
        null,
        null,
        1,
        0,
        null,
        null,
        1,
        0,
        0,
        null,
        null,
        null
      ],
      "/Users/tasha/big_hippo/project2/ghostbusters/app/helpers/users_helper.rb": [
        1,
        null
      ],
      "/Users/tasha/big_hippo/project2/ghostbusters/app/controllers/guest_pages_controller.rb": [
        1,
        1,
        1,
        null,
        null
      ],
      "/Users/tasha/big_hippo/project2/ghostbusters/app/controllers/application_controller.rb": [
        1,
        null,
        null,
        1,
        1,
        null,
        null
      ],
      "/Users/tasha/big_hippo/project2/ghostbusters/app/controllers/users_controller.rb": [
        1,
        1,
        null,
        1,
        1,
        null,
        null,
        1,
        1,
        1,
        1,
        null,
        0,
        null,
        null,
        null,
        1,
        0,
        null,
        null,
        null,
        1,
        null,
        1,
        1,
        null,
        null,
        1,
        0,
        null,
        null,
        null,
        null,
        null
      ],
      "/Users/tasha/big_hippo/project2/ghostbusters/app/models/ghost.rb": [
        null,
        null,
        null,
        null,
        null,
        null,
        null,
        null,
        null,
        null,
        null,
        null,
        null,
        null,
        null,
        1,
        null,
        null,
        null,
        1,
        null,
        1,
        null,
        2,
        null,
        null,
        null
      ]
    },
    "timestamp": 1434405936
  }
}
